<?xml version="1.0" encoding="UTF-8"?>
<coverage generated="1613512290867" clover="3.2.0">
  <project timestamp="1613512290867" name="All files">
    <metrics statements="24" coveredstatements="23" conditionals="8" coveredconditionals="7" methods="5" coveredmethods="5" elements="37" coveredelements="35" complexity="0" loc="24" ncloc="24" packages="1" files="1" classes="1"/>
    <file name="replaceDefines.js" path="/Users/elliott/Sites/soulmate/ide/src/main/utils/replaceDefines.js">
      <metrics statements="24" coveredstatements="23" conditionals="8" coveredconditionals="7" methods="5" coveredmethods="5"/>
      <line num="1" count="2" type="stmt"/>
      <line num="2" count="5" type="stmt"/>
      <line num="3" count="5" type="stmt"/>
      <line num="5" count="5" type="stmt"/>
      <line num="6" count="5" type="stmt"/>
      <line num="7" count="56" type="cond" truecount="2" falsecount="0"/>
      <line num="8" count="11" type="stmt"/>
      <line num="9" count="11" type="stmt"/>
      <line num="10" count="11" type="stmt"/>
      <line num="11" count="11" type="stmt"/>
      <line num="12" count="11" type="stmt"/>
      <line num="14" count="56" type="stmt"/>
      <line num="17" count="5" type="stmt"/>
      <line num="20" count="11" type="stmt"/>
      <line num="23" count="188" type="cond" truecount="4" falsecount="0"/>
      <line num="25" count="177" type="cond" truecount="1" falsecount="1"/>
      <line num="26" count="177" type="stmt"/>
      <line num="27" count="177" type="stmt"/>
      <line num="28" count="177" type="stmt"/>
      <line num="30" count="177" type="stmt"/>
      <line num="35" count="0" type="stmt"/>
      <line num="38" count="5" type="stmt"/>
      <line num="41" count="2" type="stmt"/>
      <line num="42" count="3" type="stmt"/>
    </file>
  </project>
</coverage>
