{"/Users/elliott/Sites/soulmate/ide/src/main/utils/replaceDefines.js": {"path":"/Users/elliott/Sites/soulmate/ide/src/main/utils/replaceDefines.js","statementMap":{"0":{"start":{"line":1,"column":22},"end":{"line":39,"column":1}},"1":{"start":{"line":2,"column":26},"end":{"line":2,"column":32}},"2":{"start":{"line":3,"column":20},"end":{"line":3,"column":22}},"3":{"start":{"line":5,"column":2},"end":{"line":36,"column":3}},"4":{"start":{"line":6,"column":4},"end":{"line":15,"column":7}},"5":{"start":{"line":7,"column":6},"end":{"line":13,"column":7}},"6":{"start":{"line":8,"column":28},"end":{"line":8,"column":66}},"7":{"start":{"line":9,"column":30},"end":{"line":9,"column":52}},"8":{"start":{"line":10,"column":8},"end":{"line":10,"column":25}},"9":{"start":{"line":11,"column":8},"end":{"line":11,"column":47}},"10":{"start":{"line":12,"column":8},"end":{"line":12,"column":31}},"11":{"start":{"line":14,"column":6},"end":{"line":14,"column":18}},"12":{"start":{"line":17,"column":4},"end":{"line":33,"column":9}},"13":{"start":{"line":20,"column":8},"end":{"line":32,"column":22}},"14":{"start":{"line":23,"column":12},"end":{"line":23,"column":79}},"15":{"start":{"line":23,"column":69},"end":{"line":23,"column":79}},"16":{"start":{"line":25,"column":12},"end":{"line":29,"column":13}},"17":{"start":{"line":26,"column":30},"end":{"line":26,"column":54}},"18":{"start":{"line":27,"column":28},"end":{"line":27,"column":52}},"19":{"start":{"line":28,"column":14},"end":{"line":28,"column":57}},"20":{"start":{"line":30,"column":12},"end":{"line":30,"column":24}},"21":{"start":{"line":35,"column":4},"end":{"line":35,"column":27}},"22":{"start":{"line":38,"column":2},"end":{"line":38,"column":16}},"23":{"start":{"line":41,"column":29},"end":{"line":43,"column":1}},"24":{"start":{"line":42,"column":2},"end":{"line":42,"column":19}}},"fnMap":{"0":{"name":"(anonymous_0)","decl":{"start":{"line":1,"column":22},"end":{"line":1,"column":23}},"loc":{"start":{"line":1,"column":34},"end":{"line":39,"column":1}},"line":1},"1":{"name":"(anonymous_1)","decl":{"start":{"line":6,"column":31},"end":{"line":6,"column":32}},"loc":{"start":{"line":6,"column":41},"end":{"line":15,"column":5}},"line":6},"2":{"name":"(anonymous_2)","decl":{"start":{"line":19,"column":15},"end":{"line":19,"column":16}},"loc":{"start":{"line":19,"column":24},"end":{"line":33,"column":7}},"line":19},"3":{"name":"(anonymous_3)","decl":{"start":{"line":22,"column":15},"end":{"line":22,"column":16}},"loc":{"start":{"line":22,"column":25},"end":{"line":31,"column":11}},"line":22},"4":{"name":"(anonymous_4)","decl":{"start":{"line":41,"column":29},"end":{"line":41,"column":30}},"loc":{"start":{"line":41,"column":49},"end":{"line":43,"column":1}},"line":41}},"branchMap":{"0":{"loc":{"start":{"line":7,"column":6},"end":{"line":13,"column":7}},"type":"if","locations":[{"start":{"line":7,"column":6},"end":{"line":13,"column":7}},{"start":{"line":7,"column":6},"end":{"line":13,"column":7}}],"line":7},"1":{"loc":{"start":{"line":23,"column":12},"end":{"line":23,"column":79}},"type":"if","locations":[{"start":{"line":23,"column":12},"end":{"line":23,"column":79}},{"start":{"line":23,"column":12},"end":{"line":23,"column":79}}],"line":23},"2":{"loc":{"start":{"line":23,"column":16},"end":{"line":23,"column":67}},"type":"binary-expr","locations":[{"start":{"line":23,"column":16},"end":{"line":23,"column":40}},{"start":{"line":23,"column":44},"end":{"line":23,"column":67}}],"line":23},"3":{"loc":{"start":{"line":25,"column":12},"end":{"line":29,"column":13}},"type":"if","locations":[{"start":{"line":25,"column":12},"end":{"line":29,"column":13}},{"start":{"line":25,"column":12},"end":{"line":29,"column":13}}],"line":25}},"s":{"0":2,"1":5,"2":5,"3":5,"4":5,"5":56,"6":11,"7":11,"8":11,"9":11,"10":11,"11":56,"12":5,"13":11,"14":188,"15":11,"16":177,"17":177,"18":177,"19":177,"20":177,"21":0,"22":5,"23":2,"24":3},"f":{"0":5,"1":56,"2":11,"3":188,"4":3},"b":{"0":[11,45],"1":[11,177],"2":[188,21],"3":[177,0]},"_coverageSchema":"1a1c01bbd47fc00a2c39e90264f33305004495a9","hash":"7b58e4afbcc0fa25f225efc6a3b2a9c464843210"}
}
