TN:
SF:main/utils/replaceDefines.js
FN:1,(anonymous_0)
FN:6,(anonymous_1)
FN:19,(anonymous_2)
FN:22,(anonymous_3)
FN:41,(anonymous_4)
FNF:5
FNH:5
FNDA:5,(anonymous_0)
FNDA:56,(anonymous_1)
FNDA:11,(anonymous_2)
FNDA:188,(anonymous_3)
FNDA:3,(anonymous_4)
DA:1,2
DA:2,5
DA:3,5
DA:5,5
DA:6,5
DA:7,56
DA:8,11
DA:9,11
DA:10,11
DA:11,11
DA:12,11
DA:14,56
DA:17,5
DA:20,11
DA:23,188
DA:25,177
DA:26,177
DA:27,177
DA:28,177
DA:30,177
DA:35,0
DA:38,5
DA:41,2
DA:42,3
LF:24
LH:23
BRDA:7,0,0,11
BRDA:7,0,1,45
BRDA:23,1,0,11
BRDA:23,1,1,177
BRDA:23,2,0,188
BRDA:23,2,1,21
BRDA:25,3,0,177
BRDA:25,3,1,0
BRF:8
BRH:7
end_of_record
